<?xml version="1.0" encoding="UTF-8"?>
<testsuite name="com.SamplePageTest" tests="1" skipped="0" failures="0" errors="0" timestamp="2022-09-17T16:13:53" hostname="Praneshs-MacBook-Pro.local" time="12.852">
  <properties/>
  <testcase name="TC002()" classname="com.SamplePageTest" time="12.852"/>
  <system-out><![CDATA[]]></system-out>
  <system-err><![CDATA[]]></system-err>
</testsuite>
